<?xml version="1.0" encoding="UTF-8"?>
<!-- Generated by org.testng.reporters.JUnitXMLReporter -->
<testsuite ignored="0" hostname="DESKTOP-H7Q0JRS" failures="1" tests="1" name="Search for product with matching results" time="5.134" errors="0" timestamp="2024-01-22T13:23:24 EET">
  <testcase classname="testcases.TC04_SearchForProduct" name="searchProduct_P" time="2.887">
    <failure type="java.lang.ArrayIndexOutOfBoundsException" message="Index 1 out of bounds for length 0">
      <![CDATA[java.lang.ArrayIndexOutOfBoundsException: Index 1 out of bounds for length 0
at pages.P05_HomePage.verifySearchResults(P05_HomePage.java:185)
at testcases.TC04_SearchForProduct.searchProduct_P(TC04_SearchForProduct.java:28)
at java.base/java.util.ArrayList.forEach(ArrayList.java:1511)
at com.intellij.rt.testng.IDEARemoteTestNG.run(IDEARemoteTestNG.java:66)
at com.intellij.rt.testng.RemoteTestNGStarter.main(RemoteTestNGStarter.java:105)
... Removed 25 stack frames]]>
    </failure>
  </testcase> <!-- searchProduct_P -->
</testsuite> <!-- Search for product with matching results -->
