<?xml version="1.0" encoding="UTF-8"?>
<!-- Generated by org.testng.reporters.JUnitXMLReporter -->
<testsuite ignored="3" hostname="DESKTOP-H7Q0JRS" failures="0" tests="1" name="Check Login with Valid Date" time="5.332" errors="0" timestamp="2024-01-23T15:28:11 EET">
  <testcase classname="testcases.TC02_Login" name="loginWithValidData_P" time="2.693"/>
  <testcase classname="testcases.TC02_Login" name="loginWithValidPassword_N" time="0.0">
    <ignored/>
  </testcase> <!-- loginWithValidPassword_N -->
  <testcase classname="testcases.TC02_Login" name="loginWithInvalidData_N" time="0.0">
    <ignored/>
  </testcase> <!-- loginWithInvalidData_N -->
  <testcase classname="testcases.TC02_Login" name="loginWithValidEmail_N" time="0.0">
    <ignored/>
  </testcase> <!-- loginWithValidEmail_N -->
</testsuite> <!-- Check Login with Valid Date -->
