<?xml version="1.0" encoding="UTF-8"?>
<testng-results ignored="0" total="2" passed="2" failed="0" skipped="0">
  <reporter-output>
  </reporter-output>
  <suite started-at="2024-01-23T22:14:42 EET" name="All Test Suite" finished-at="2024-01-23T22:14:42 EET" duration-ms="0">
    <groups>
    </groups>
  </suite> <!-- All Test Suite -->
  <suite started-at="2024-01-23T22:14:20 EET" name="All Test Suite (0)" finished-at="2024-01-23T22:14:26 EET" duration-ms="6324">
    <groups>
    </groups>
    <test started-at="2024-01-23T22:14:20 EET" name="Register With Valid Data" finished-at="2024-01-23T22:14:26 EET" duration-ms="6324">
      <class name="testcases.TC01_Register">
        <test-method is-config="true" signature="defineSuite()[pri:0, instance:testcases.TC01_Register@4f2d8175]" started-at="2024-01-23T22:14:19 EET" name="defineSuite" finished-at="2024-01-23T22:14:20 EET" duration-ms="483" status="PASS">
          <reporter-output>
          </reporter-output>
        </test-method> <!-- defineSuite -->
        <test-method is-config="true" signature="setupDriver(java.lang.String)[pri:0, instance:testcases.TC01_Register@4f2d8175]" started-at="2024-01-23T22:14:20 EET" name="setupDriver" finished-at="2024-01-23T22:14:22 EET" duration-ms="2769" status="PASS">
          <params>
            <param index="0">
              <value>
                <![CDATA[]]>
              </value>
            </param>
          </params>
          <reporter-output>
          </reporter-output>
        </test-method> <!-- setupDriver -->
        <test-method signature="registerNewUserWithValidData_P()[pri:1, instance:testcases.TC01_Register@4f2d8175]" started-at="2024-01-23T22:14:22 EET" name="registerNewUserWithValidData_P" description="Register new user with Valid Data" finished-at="2024-01-23T22:14:26 EET" duration-ms="3354" status="PASS">
          <reporter-output>
          </reporter-output>
        </test-method> <!-- registerNewUserWithValidData_P -->
        <test-method is-config="true" signature="getResult(org.testng.ITestResult)[pri:0, instance:testcases.TC01_Register@4f2d8175]" started-at="2024-01-23T22:14:26 EET" name="getResult" finished-at="2024-01-23T22:14:26 EET" duration-ms="4" status="PASS">
          <params>
            <param index="0">
              <value>
                <![CDATA[[TestResult name=registerNewUserWithValidData_P status=SUCCESS method=TC01_Register.registerNewUserWithValidData_P()[pri:1, instance:testcases.TC01_Register@4f2d8175] output={null}]]]>
              </value>
            </param>
          </params>
          <reporter-output>
          </reporter-output>
        </test-method> <!-- getResult -->
        <test-method is-config="true" signature="tearDown()[pri:0, instance:testcases.TC01_Register@4f2d8175]" started-at="2024-01-23T22:14:26 EET" name="tearDown" finished-at="2024-01-23T22:14:26 EET" duration-ms="88" status="PASS">
          <reporter-output>
          </reporter-output>
        </test-method> <!-- tearDown -->
        <test-method is-config="true" signature="endSuite()[pri:0, instance:testcases.TC01_Register@4f2d8175]" started-at="2024-01-23T22:14:26 EET" name="endSuite" finished-at="2024-01-23T22:14:26 EET" duration-ms="452" status="PASS">
          <reporter-output>
          </reporter-output>
        </test-method> <!-- endSuite -->
      </class> <!-- testcases.TC01_Register -->
    </test> <!-- Register With Valid Data -->
  </suite> <!-- All Test Suite (0) -->
  <suite started-at="2024-01-23T22:14:26 EET" name="All Test Suite (1)" finished-at="2024-01-23T22:14:42 EET" duration-ms="15784">
    <groups>
    </groups>
    <test started-at="2024-01-23T22:14:26 EET" name="Create Order" finished-at="2024-01-23T22:14:42 EET" duration-ms="15784">
      <class name="testcases.TC12_CreateOrder">
        <test-method is-config="true" signature="defineSuite()[pri:0, instance:testcases.TC12_CreateOrder@2a191f83]" started-at="2024-01-23T22:14:26 EET" name="defineSuite" finished-at="2024-01-23T22:14:26 EET" duration-ms="10" status="PASS">
          <reporter-output>
          </reporter-output>
        </test-method> <!-- defineSuite -->
        <test-method is-config="true" signature="setupDriver(java.lang.String)[pri:0, instance:testcases.TC12_CreateOrder@2a191f83]" started-at="2024-01-23T22:14:26 EET" name="setupDriver" finished-at="2024-01-23T22:14:28 EET" duration-ms="1875" status="PASS">
          <params>
            <param index="0">
              <value>
                <![CDATA[]]>
              </value>
            </param>
          </params>
          <reporter-output>
          </reporter-output>
        </test-method> <!-- setupDriver -->
        <test-method signature="createOrder_P()[pri:1, instance:testcases.TC12_CreateOrder@2a191f83]" started-at="2024-01-23T22:14:28 EET" name="createOrder_P" description="Create Order" finished-at="2024-01-23T22:14:42 EET" duration-ms="13795" status="PASS">
          <reporter-output>
          </reporter-output>
        </test-method> <!-- createOrder_P -->
        <test-method is-config="true" signature="getResult(org.testng.ITestResult)[pri:0, instance:testcases.TC12_CreateOrder@2a191f83]" started-at="2024-01-23T22:14:42 EET" name="getResult" finished-at="2024-01-23T22:14:42 EET" duration-ms="1" status="PASS">
          <params>
            <param index="0">
              <value>
                <![CDATA[[TestResult name=createOrder_P status=SUCCESS method=TC12_CreateOrder.createOrder_P()[pri:1, instance:testcases.TC12_CreateOrder@2a191f83] output={null}]]]>
              </value>
            </param>
          </params>
          <reporter-output>
          </reporter-output>
        </test-method> <!-- getResult -->
        <test-method is-config="true" signature="tearDown()[pri:0, instance:testcases.TC12_CreateOrder@2a191f83]" started-at="2024-01-23T22:14:42 EET" name="tearDown" finished-at="2024-01-23T22:14:42 EET" duration-ms="110" status="PASS">
          <reporter-output>
          </reporter-output>
        </test-method> <!-- tearDown -->
        <test-method is-config="true" signature="endSuite()[pri:0, instance:testcases.TC12_CreateOrder@2a191f83]" started-at="2024-01-23T22:14:42 EET" name="endSuite" finished-at="2024-01-23T22:14:42 EET" duration-ms="121" status="PASS">
          <reporter-output>
          </reporter-output>
        </test-method> <!-- endSuite -->
      </class> <!-- testcases.TC12_CreateOrder -->
    </test> <!-- Create Order -->
  </suite> <!-- All Test Suite (1) -->
</testng-results>
